<?xml version="1.0" encoding="UTF-8" ?>
<testsuite tests="3" failures="0" name="com.zaleskix.app.ReadDataFromTextFileTest" time="0" errors="0" skipped="0">
    <properties>
[...]
</properties>
    <testcase classname="com.zaleskix.app.ReadDataFromTextFileTest" name="shouldReadFileCorrectly" time="0"/>
    <testcase classname="com.zaleskix.app.ReadDataFromTextFileTest"
              name="shouldThrowNullPointerExceptionWhenFileDoesNotExist" time="0"/>
    <testcase classname="com.zaleskix.app.ReadDataFromTextFileTest"
              name="shouldThrowIllegalArgumentExceptionWhenFileNameIsEmpty" time="0"/>
</testsuite>